Added Component: Designator=C1(C0805)
Added Component: Designator=C2(C0805)
Added Component: Designator=C3(C0805)
Added Component: Designator=C4(C0805)
Added Component: Designator=C5(C0805)
Added Component: Designator=C6(C0805)
Added Component: Designator=C7(C0805)
Added Component: Designator=C8(C0805)
Added Component: Designator=C9(C0805)
Added Component: Designator=C10(C0805)
Added Component: Designator=C11(C0805)
Added Component: Designator=C12(C0805)
Added Component: Designator=C13(C0805)
Added Component: Designator=C14(C0805)
Added Component: Designator=C15(C0805)
Added Component: Designator=C16(C0805)
Added Component: Designator=C17(C0805)
Added Component: Designator=C18(C0805)
Added Component: Designator=C19(C0805)
Added Component: Designator=C20(C0805)
Added Component: Designator=C21(Capacitor)
Added Component: Designator=C22(C0805)
Added Component: Designator=C23(C0805)
Added Component: Designator=C24(C0805)
Added Component: Designator=C25(C0805)
Added Component: Designator=C26(C0805)
Added Component: Designator=C27(C0805)
Added Component: Designator=C28(C0805)
Added Component: Designator=C29(C0805)
Added Component: Designator=C30(C0805)
Added Component: Designator=C31(C0805)
Added Component: Designator=C32(C0805)
Added Component: Designator=C33(C0805)
Added Component: Designator=C34(C0805)
Added Component: Designator=C35(C0805)
Added Component: Designator=C36(C0805)
Added Component: Designator=C37(C0805)
Added Component: Designator=L1(C0805)
Added Component: Designator=L2(C0805)
Added Component: Designator=L3(C0805)
Added Component: Designator=P1(Mini USB)
Added Component: Designator=P2(RJ45+MAG)
Added Component: Designator=P3(USB_Duble)
Added Component: Designator=R1(c0805)
Added Component: Designator=R2(c0805)
Added Component: Designator=R3(c0805)
Added Component: Designator=R4(c0805)
Added Component: Designator=R5(c0805)
Added Component: Designator=R6(c0805)
Added Component: Designator=R7(c0805)
Added Component: Designator=R8(c0805)
Added Component: Designator=R9(c0805)
Added Component: Designator=R10(c0805)
Added Component: Designator=R11(c0805)
Added Component: Designator=R12(c0805)
Added Component: Designator=R13(c0805)
Added Component: Designator=U1(QFN64)
Added Component: Designator=U2(LF33-TO-252)
Added Component: Designator=U3(SSOP8)
Added Component: Designator=Y1(SMD_Crystal)
Added Pin To Net: NetName=GND Pin=C1-1
Added Pin To Net: NetName=NetC1_2 Pin=C1-2
Added Pin To Net: NetName=GND Pin=C2-1
Added Pin To Net: NetName=VDD3V3A Pin=C2-2
Added Pin To Net: NetName=GND Pin=C3-1
Added Pin To Net: NetName=VDD3V3A Pin=C3-2
Added Pin To Net: NetName=GND Pin=C4-1
Added Pin To Net: NetName=VDD3V3A Pin=C4-2
Added Pin To Net: NetName=GND Pin=C5-1
Added Pin To Net: NetName=VDD3V3A Pin=C5-2
Added Pin To Net: NetName=GND Pin=C6-1
Added Pin To Net: NetName=VDD3V3A Pin=C6-2
Added Pin To Net: NetName=GND Pin=C7-1
Added Pin To Net: NetName=VDD3V3A Pin=C7-2
Added Pin To Net: NetName=GND Pin=C8-1
Added Pin To Net: NetName=VDD3V3A Pin=C8-2
Added Pin To Net: NetName=GND Pin=C9-1
Added Pin To Net: NetName=VCC18CORE Pin=C9-2
Added Pin To Net: NetName=GND Pin=C10-1
Added Pin To Net: NetName=VCC18CORE Pin=C10-2
Added Pin To Net: NetName=GND Pin=C11-1
Added Pin To Net: NetName=VCC18CORE Pin=C11-2
Added Pin To Net: NetName=GND Pin=C12-1
Added Pin To Net: NetName=NetC12_2 Pin=C12-2
Added Pin To Net: NetName=GND Pin=C13-1
Added Pin To Net: NetName=NetC13_2 Pin=C13-2
Added Pin To Net: NetName=GND Pin=C14-1
Added Pin To Net: NetName=VCC3V3 Pin=C14-2
Added Pin To Net: NetName=GND Pin=C15-1
Added Pin To Net: NetName=VCC3V3 Pin=C15-2
Added Pin To Net: NetName=GND Pin=C16-1
Added Pin To Net: NetName=VCC3V3 Pin=C16-2
Added Pin To Net: NetName=GND Pin=C17-1
Added Pin To Net: NetName=VCC3V3 Pin=C17-2
Added Pin To Net: NetName=GND Pin=C18-1
Added Pin To Net: NetName=VCC3V3 Pin=C18-2
Added Pin To Net: NetName=GND Pin=C19-1
Added Pin To Net: NetName=VCC18USB Pin=C19-2
Added Pin To Net: NetName=GND Pin=C20-1
Added Pin To Net: NetName=VCC18ETH Pin=C20-2
Added Pin To Net: NetName=GND Pin=C21-1
Added Pin To Net: NetName=VCC3V3 Pin=C21-2
Added Pin To Net: NetName=GND Pin=C22-1
Added Pin To Net: NetName=GND Pin=C23-1
Added Pin To Net: NetName=GND Pin=C24-1
Added Pin To Net: NetName=GND Pin=C25-1
Added Pin To Net: NetName=VCC3V3 Pin=C25-2
Added Pin To Net: NetName=GND Pin=C26-1
Added Pin To Net: NetName=VCC3V3 Pin=C26-2
Added Pin To Net: NetName=GND Pin=C27-1
Added Pin To Net: NetName=GND Pin=C28-1
Added Pin To Net: NetName=RX_N Pin=C28-2
Added Pin To Net: NetName=GND Pin=C29-1
Added Pin To Net: NetName=RX_P Pin=C29-2
Added Pin To Net: NetName=GND Pin=C30-1
Added Pin To Net: NetName=TX_N Pin=C30-2
Added Pin To Net: NetName=GND Pin=C31-1
Added Pin To Net: NetName=TX_P Pin=C31-2
Added Pin To Net: NetName=GND Pin=C32-1
Added Pin To Net: NetName=GND Pin=C33-1
Added Pin To Net: NetName=GND Pin=C34-1
Added Pin To Net: NetName=GND Pin=C35-1
Added Pin To Net: NetName=GND Pin=C36-1
Added Pin To Net: NetName=GND Pin=C37-1
Added Pin To Net: NetName=VCC3V3 Pin=L1-1
Added Pin To Net: NetName=VDD3V3A Pin=L1-2
Added Pin To Net: NetName=VCC18USB Pin=L2-1
Added Pin To Net: NetName=VCC18ETH Pin=L2-2
Added Pin To Net: NetName=USB0_N Pin=P1-2
Added Pin To Net: NetName=USB0_P Pin=P1-3
Added Pin To Net: NetName=GND Pin=P1-4
Added Pin To Net: NetName=TX_P Pin=P2-1
Added Pin To Net: NetName=TX_N Pin=P2-3
Added Pin To Net: NetName=RX_P Pin=P2-4
Added Pin To Net: NetName=RX_N Pin=P2-6
Added Pin To Net: NetName=VCC3V3 Pin=P2-9
Added Pin To Net: NetName=VCC3V3 Pin=P2-11
Added Pin To Net: NetName=USB2_N Pin=P3-2
Added Pin To Net: NetName=USB2_P Pin=P3-3
Added Pin To Net: NetName=GND Pin=P3-4
Added Pin To Net: NetName=USB3_N Pin=P3-6
Added Pin To Net: NetName=USB3_P Pin=P3-7
Added Pin To Net: NetName=GND Pin=P3-8
Added Pin To Net: NetName=NetC1_2 Pin=R3-1
Added Pin To Net: NetName=VCC3V3 Pin=R3-2
Added Pin To Net: NetName=NetC13_2 Pin=R4-1
Added Pin To Net: NetName=NetC12_2 Pin=R4-2
Added Pin To Net: NetName=VCC3V3 Pin=R5-1
Added Pin To Net: NetName=NetR5_2 Pin=R5-2
Added Pin To Net: NetName=GND Pin=R6-1
Added Pin To Net: NetName=NetR6_2 Pin=R6-2
Added Pin To Net: NetName=RX_N Pin=R7-1
Added Pin To Net: NetName=VDD3V3A Pin=R7-2
Added Pin To Net: NetName=RX_P Pin=R8-1
Added Pin To Net: NetName=VDD3V3A Pin=R8-2
Added Pin To Net: NetName=TX_N Pin=R9-1
Added Pin To Net: NetName=VDD3V3A Pin=R9-2
Added Pin To Net: NetName=TX_P Pin=R10-1
Added Pin To Net: NetName=VDD3V3A Pin=R10-2
Added Pin To Net: NetName=VDD3V3A Pin=R11-2
Added Pin To Net: NetName=GND Pin=R12-1
Added Pin To Net: NetName=VCC3V3 Pin=R13-1
Added Pin To Net: NetName=USB2_N Pin=U1-1
Added Pin To Net: NetName=USB2_P Pin=U1-2
Added Pin To Net: NetName=USB3_N Pin=U1-3
Added Pin To Net: NetName=USB3_P Pin=U1-4
Added Pin To Net: NetName=VDD3V3A Pin=U1-5
Added Pin To Net: NetName=VDD3V3A Pin=U1-10
Added Pin To Net: NetName=NetR5_2 Pin=U1-11
Added Pin To Net: NetName=NetC1_2 Pin=U1-12
Added Pin To Net: NetName=VCC18CORE Pin=U1-15
Added Pin To Net: NetName=VCC3V3 Pin=U1-19
Added Pin To Net: NetName=VCC3V3 Pin=U1-27
Added Pin To Net: NetName=VCC3V3 Pin=U1-28
Added Pin To Net: NetName=VCC3V3 Pin=U1-29
Added Pin To Net: NetName=VCC3V3 Pin=U1-30
Added Pin To Net: NetName=VCC3V3 Pin=U1-32
Added Pin To Net: NetName=VCC3V3 Pin=U1-33
Added Pin To Net: NetName=GND Pin=U1-34
Added Pin To Net: NetName=VCC18CORE Pin=U1-38
Added Pin To Net: NetName=VCC3V3 Pin=U1-39
Added Pin To Net: NetName=VCC3V3 Pin=U1-40
Added Pin To Net: NetName=GND Pin=U1-44
Added Pin To Net: NetName=VCC3V3 Pin=U1-46
Added Pin To Net: NetName=VCC18ETH Pin=U1-48
Added Pin To Net: NetName=VDD3V3A Pin=U1-49
Added Pin To Net: NetName=VDD3V3A Pin=U1-51
Added Pin To Net: NetName=RX_P Pin=U1-52
Added Pin To Net: NetName=RX_N Pin=U1-53
Added Pin To Net: NetName=VDD3V3A Pin=U1-54
Added Pin To Net: NetName=TX_P Pin=U1-55
Added Pin To Net: NetName=TX_N Pin=U1-56
Added Pin To Net: NetName=VDD3V3A Pin=U1-57
Added Pin To Net: NetName=USB0_N Pin=U1-58
Added Pin To Net: NetName=USB0_P Pin=U1-59
Added Pin To Net: NetName=NetC13_2 Pin=U1-60
Added Pin To Net: NetName=NetC12_2 Pin=U1-61
Added Pin To Net: NetName=VCC18USB Pin=U1-62
Added Pin To Net: NetName=NetR6_2 Pin=U1-63
Added Pin To Net: NetName=VDD3V3A Pin=U1-64
Added Pin To Net: NetName=GND Pin=U1-65
Added Pin To Net: NetName=VCC3V3 Pin=U2-3
Added Pin To Net: NetName=GND Pin=U2-4
Added Pin To Net: NetName=GND Pin=U3-6
Added Pin To Net: NetName=NetC12_2 Pin=Y1-1
Added Pin To Net: NetName=NetC13_2 Pin=Y1-2
Added Pin To Net: NetName=E Pin=C27-2
Added Pin To Net: NetName=E Pin=P1-6
Added Pin To Net: NetName=E Pin=P1-7
Added Pin To Net: NetName=E Pin=P1-8
Added Pin To Net: NetName=E Pin=P1-9
Added Pin To Net: NetName=E Pin=P2-8
Added Pin To Net: NetName=E Pin=P3-9
Added Pin To Net: NetName=E Pin=P3-10
Added Pin To Net: NetName=E Pin=P3-11
Added Pin To Net: NetName=E Pin=P3-12
Added Net: Name=E
Added Pin To Net: NetName=LINK Pin=P2-12
Added Pin To Net: NetName=LINK Pin=R1-1
Added Net: Name=LINK
Added Pin To Net: NetName=NetC32_2 Pin=C32-2
Added Pin To Net: NetName=NetC32_2 Pin=P2-2
Added Pin To Net: NetName=NetC32_2 Pin=P2-5
Added Pin To Net: NetName=NetC32_2 Pin=R11-1
Added Net: Name=NetC32_2
Added Pin To Net: NetName=NetL3_2 Pin=L3-2
Added Pin To Net: NetName=NetL3_2 Pin=P1-1
Added Net: Name=NetL3_2
Added Pin To Net: NetName=NetR1_2 Pin=R1-2
Added Pin To Net: NetName=NetR1_2 Pin=U1-21
Added Net: Name=NetR1_2
Added Pin To Net: NetName=NetR2_2 Pin=R2-2
Added Pin To Net: NetName=NetR2_2 Pin=U1-22
Added Net: Name=NetR2_2
Added Pin To Net: NetName=NetR12_2 Pin=R12-2
Added Pin To Net: NetName=NetR12_2 Pin=U1-50
Added Net: Name=NetR12_2
Added Pin To Net: NetName=NetR13_2 Pin=R13-2
Added Pin To Net: NetName=NetR13_2 Pin=U1-41
Added Net: Name=NetR13_2
Added Pin To Net: NetName=PORTA Pin=U1-14
Added Pin To Net: NetName=PORTA Pin=U3-1
Added Pin To Net: NetName=PORTA Pin=U3-2
Added Net: Name=PORTA
Added Pin To Net: NetName=PORTB Pin=U1-16
Added Pin To Net: NetName=PORTB Pin=U3-3
Added Pin To Net: NetName=PORTB Pin=U3-4
Added Net: Name=PORTB
Added Pin To Net: NetName=PWRA Pin=C33-2
Added Pin To Net: NetName=PWRA Pin=C34-2
Added Pin To Net: NetName=PWRA Pin=P3-1
Added Pin To Net: NetName=PWRA Pin=U3-8
Added Net: Name=PWRA
Added Pin To Net: NetName=PWRB Pin=C35-2
Added Pin To Net: NetName=PWRB Pin=C36-2
Added Pin To Net: NetName=PWRB Pin=P3-5
Added Pin To Net: NetName=PWRB Pin=U3-5
Added Net: Name=PWRB
Added Pin To Net: NetName=SPD Pin=P2-10
Added Pin To Net: NetName=SPD Pin=R2-1
Added Net: Name=SPD
Added Pin To Net: NetName=VCCUSB Pin=C22-2
Added Pin To Net: NetName=VCCUSB Pin=C23-2
Added Pin To Net: NetName=VCCUSB Pin=C24-2
Added Pin To Net: NetName=VCCUSB Pin=C37-2
Added Pin To Net: NetName=VCCUSB Pin=L3-1
Added Pin To Net: NetName=VCCUSB Pin=U2-1
Added Pin To Net: NetName=VCCUSB Pin=U3-7
Added Net: Name=VCCUSB
Added Member To Class: ClassName=Schematic_1 Member=Component C1 Cap
Added Member To Class: ClassName=Schematic_1 Member=Component C2 Cap
Added Member To Class: ClassName=Schematic_1 Member=Component C3 Cap
Added Member To Class: ClassName=Schematic_1 Member=Component C4 Cap
Added Member To Class: ClassName=Schematic_1 Member=Component C5 Cap
Added Member To Class: ClassName=Schematic_1 Member=Component C6 Cap
Added Member To Class: ClassName=Schematic_1 Member=Component C7 Cap
Added Member To Class: ClassName=Schematic_1 Member=Component C8 Cap
Added Member To Class: ClassName=Schematic_1 Member=Component C9 Cap
Added Member To Class: ClassName=Schematic_1 Member=Component C10 Cap
Added Member To Class: ClassName=Schematic_1 Member=Component C11 Cap
Added Member To Class: ClassName=Schematic_1 Member=Component C12 Cap
Added Member To Class: ClassName=Schematic_1 Member=Component C13 Cap
Added Member To Class: ClassName=Schematic_1 Member=Component C14 Cap
Added Member To Class: ClassName=Schematic_1 Member=Component C15 Cap
Added Member To Class: ClassName=Schematic_1 Member=Component C16 Cap
Added Member To Class: ClassName=Schematic_1 Member=Component C17 Cap
Added Member To Class: ClassName=Schematic_1 Member=Component C18 Cap
Added Member To Class: ClassName=Schematic_1 Member=Component C19 Cap
Added Member To Class: ClassName=Schematic_1 Member=Component C20 Cap
Added Member To Class: ClassName=Schematic_1 Member=Component C21 Capacitor
Added Member To Class: ClassName=Schematic_1 Member=Component C22 Cap
Added Member To Class: ClassName=Schematic_1 Member=Component C23 Cap
Added Member To Class: ClassName=Schematic_1 Member=Component C24 Cap
Added Member To Class: ClassName=Schematic_1 Member=Component C25 Cap
Added Member To Class: ClassName=Schematic_1 Member=Component C26 Cap
Added Member To Class: ClassName=Schematic_1 Member=Component C27 Cap
Added Member To Class: ClassName=USB_ETH_Sch Member=Component C28 Cap
Added Member To Class: ClassName=USB_ETH_Sch Member=Component C29 Cap
Added Member To Class: ClassName=USB_ETH_Sch Member=Component C30 Cap
Added Member To Class: ClassName=USB_ETH_Sch Member=Component C31 Cap
Added Member To Class: ClassName=USB_ETH_Sch Member=Component C32 Cap
Added Member To Class: ClassName=USB_ETH_Sch Member=Component C33 Cap
Added Member To Class: ClassName=USB_ETH_Sch Member=Component C34 Cap
Added Member To Class: ClassName=USB_ETH_Sch Member=Component C35 Cap
Added Member To Class: ClassName=USB_ETH_Sch Member=Component C36 Cap
Added Member To Class: ClassName=USB_ETH_Sch Member=Component C37 Cap
Added Member To Class: ClassName=Schematic_1 Member=Component L1 Inductor
Added Member To Class: ClassName=Schematic_1 Member=Component L2 Inductor
Added Member To Class: ClassName=Schematic_1 Member=Component L3 Inductor
Added Member To Class: ClassName=Schematic_1 Member=Component P1 Mini USB
Added Member To Class: ClassName=USB_ETH_Sch Member=Component P2 SK02-111008BNL
Added Member To Class: ClassName=USB_ETH_Sch Member=Component P3 USB Dual
Added Member To Class: ClassName=Schematic_1 Member=Component R1 Res1
Added Member To Class: ClassName=Schematic_1 Member=Component R2 Res1
Added Member To Class: ClassName=Schematic_1 Member=Component R3 Res1
Added Member To Class: ClassName=Schematic_1 Member=Component R4 Res1
Added Member To Class: ClassName=USB_ETH_Sch Member=Component R5 Res1
Added Member To Class: ClassName=USB_ETH_Sch Member=Component R6 Res1
Added Member To Class: ClassName=USB_ETH_Sch Member=Component R7 Res1
Added Member To Class: ClassName=USB_ETH_Sch Member=Component R8 Res1
Added Member To Class: ClassName=USB_ETH_Sch Member=Component R9 Res1
Added Member To Class: ClassName=USB_ETH_Sch Member=Component R10 Res1
Added Member To Class: ClassName=USB_ETH_Sch Member=Component R11 Res1
Added Member To Class: ClassName=USB_ETH_Sch Member=Component R12 Res1
Added Member To Class: ClassName=USB_ETH_Sch Member=Component R13 Res1
Added Member To Class: ClassName=Schematic_1 Member=Component U1 ETH-USB
Added Member To Class: ClassName=Schematic_1 Member=Component U2 LF33ABDT
Added Member To Class: ClassName=USB_ETH_Sch Member=Component U3 MIC2026
Added Member To Class: ClassName=Schematic_1 Member=Component Y1 XTAL
Added Room: Name=Schematic_1
Added Room: Name=USB_ETH_Sch
